
{"msg":"Initial entry","timestamp":1676021397000,"studyUuid":"633d40ba-a0c1-4f14-98cd-b1ccb72dd5f0","serversMac":"E4-70-B8-F7-AE-4A","hashFunction":"SHA-256"}
{"msg":"Created study","userName":"Admin","timestamp":1676021397000}
{"msg":"Study description changed","studyDescriptionHash":"230b95e58aa4abaf4d0d9e42a5c7d158a459e7a51327b0d4146aabb50a6fb7c1","userName":"Admin","timestamp":1676021397001}
{"msg":"Started study run with Jatos worker","batchId":1,"workerId":1,"timestamp":1676027772077}
{"msg":"Started study run with Jatos worker","batchId":1,"workerId":1,"timestamp":1676028190625}
{"msg":"Started study run with Jatos worker","batchId":1,"workerId":1,"timestamp":1676037252137}
{"msg":"Started study run with Jatos worker","batchId":1,"workerId":1,"timestamp":1678533633888}
{"msg":"Stored component result data","componentUuid":"e0830059-3976-4883-ad0e-0060efb935f9","workerId":1,"dataHash":"a38aeac6b1dc8f0246ef627762aeaa572b21101f736b5109326bc83121aa9a1b","timestamp":1678533665763}
{"msg":"Finished study run","workerId":1,"timestamp":1678533665900}
{"msg":"Started study run with Jatos worker","batchId":1,"workerId":1,"timestamp":1678533673237}
{"msg":"Started study run with Jatos worker","batchId":1,"workerId":1,"timestamp":1678534006494}
{"msg":"Started study run with Jatos worker","batchId":1,"workerId":1,"timestamp":1678541927877}
{"msg":"Started study run with Jatos worker","batchId":1,"workerId":1,"timestamp":1678542710956}
{"msg":"Removed result data and files","userName":"Admin","timestamp":1678542940215}
{"msg":"Started study run with Jatos worker","batchId":1,"workerId":1,"timestamp":1678543948478}
{"msg":"Started study run with Jatos worker","batchId":1,"workerId":1,"timestamp":1678545932943}
{"msg":"Started study run with Jatos worker","batchId":1,"workerId":1,"timestamp":1678546385812}
{"msg":"Finish abandoned study","workerId":1,"timestamp":1678546633931}
{"msg":"Started study run with Jatos worker","batchId":1,"workerId":1,"timestamp":1678546633934}
{"msg":"Finish abandoned study","workerId":1,"timestamp":1678546659022}
{"msg":"Started study run with Jatos worker","batchId":1,"workerId":1,"timestamp":1678546659024}
{"msg":"Finish abandoned study","workerId":1,"timestamp":1678550171601}
{"msg":"Started study run with Jatos worker","batchId":1,"workerId":1,"timestamp":1678550171605}
{"msg":"Finish abandoned study","workerId":1,"timestamp":1678550196081}
{"msg":"Started study run with Jatos worker","batchId":1,"workerId":1,"timestamp":1678550196084}
{"msg":"Finish abandoned study","workerId":1,"timestamp":1678550323832}
{"msg":"Started study run with Jatos worker","batchId":1,"workerId":1,"timestamp":1678550323835}
{"msg":"Finish abandoned study","workerId":1,"timestamp":1678550328679}
{"msg":"Started study run with Jatos worker","batchId":1,"workerId":1,"timestamp":1678550328681}
{"msg":"Removed result data and files","userName":"Admin","timestamp":1678552379936}
{"msg":"Removed result data and files","userName":"Admin","timestamp":1678552390471}
{"msg":"Removed result data and files","userName":"Admin","timestamp":1678552398399}
{"msg":"Finish abandoned study","workerId":1,"timestamp":1678552416041}
{"msg":"Started study run with Jatos worker","batchId":1,"workerId":1,"timestamp":1678552416044}
{"msg":"Stored component result data","componentUuid":"cad39651-5ae9-43d8-b43d-1f716024988a","workerId":1,"dataHash":"672c185fd2ad648b5fa874c34f1b84abeea636a7dba2cb6d0c8e32ddb35371a4","timestamp":1678552447553}
{"msg":"Finished study run","workerId":1,"timestamp":1678552447615}
{"msg":"Started study run with Jatos worker","batchId":1,"workerId":1,"timestamp":1678552476408}
{"msg":"Finish abandoned study","workerId":1,"timestamp":1678552822780}
{"msg":"Started study run with Jatos worker","batchId":1,"workerId":1,"timestamp":1678552822782}
{"msg":"Started study run with Jatos worker","batchId":1,"workerId":1,"timestamp":1678701194108}
{"msg":"Removed result data and files","userName":"Admin","timestamp":1679338785043}
{"msg":"Started study run with Jatos worker","batchId":1,"workerId":1,"timestamp":1679340437535}
{"msg":"Started study run with Jatos worker","batchId":1,"workerId":1,"timestamp":1679340481919}
{"msg":"Started study run with Jatos worker","batchId":1,"workerId":1,"timestamp":1679340798883}
{"msg":"Started study run with Jatos worker","batchId":1,"workerId":1,"timestamp":1679340814434}
{"msg":"Started study run with Jatos worker","batchId":1,"workerId":1,"timestamp":1679340818715}
{"msg":"Started study run with Jatos worker","batchId":1,"workerId":1,"timestamp":1679340822067}
{"msg":"Started study run with Jatos worker","batchId":1,"workerId":1,"timestamp":1679340827216}
{"msg":"Started study run with Jatos worker","batchId":1,"workerId":1,"timestamp":1679340857649}
{"msg":"Started study run with Jatos worker","batchId":1,"workerId":1,"timestamp":1679340865398}
{"msg":"Started study run with Jatos worker","batchId":1,"workerId":1,"timestamp":1679340902530}
{"msg":"Finish abandoned study","workerId":1,"timestamp":1679340906497}
{"msg":"Started study run with Jatos worker","batchId":1,"workerId":1,"timestamp":1679340906498}
{"msg":"Finish abandoned study","workerId":1,"timestamp":1679340913117}
{"msg":"Started study run with Jatos worker","batchId":1,"workerId":1,"timestamp":1679340913118}
{"msg":"Finish abandoned study","workerId":1,"timestamp":1679340936182}
{"msg":"Started study run with Jatos worker","batchId":1,"workerId":1,"timestamp":1679340936182}
{"msg":"Finish abandoned study","workerId":1,"timestamp":1679340963379}
{"msg":"Started study run with Jatos worker","batchId":1,"workerId":1,"timestamp":1679340963380}
{"msg":"Finish abandoned study","workerId":1,"timestamp":1679341057030}
{"msg":"Started study run with Jatos worker","batchId":1,"workerId":1,"timestamp":1679341057031}
{"msg":"Finish abandoned study","workerId":1,"timestamp":1679341065881}
{"msg":"Started study run with Jatos worker","batchId":1,"workerId":1,"timestamp":1679341065882}
{"msg":"Finish abandoned study","workerId":1,"timestamp":1679341074596}
{"msg":"Started study run with Jatos worker","batchId":1,"workerId":1,"timestamp":1679341074597}
{"msg":"Finish abandoned study","workerId":1,"timestamp":1679341079214}
{"msg":"Started study run with Jatos worker","batchId":1,"workerId":1,"timestamp":1679341079215}
{"msg":"Finish abandoned study","workerId":1,"timestamp":1679341110325}
{"msg":"Started study run with Jatos worker","batchId":1,"workerId":1,"timestamp":1679341110326}
{"msg":"Finish abandoned study","workerId":1,"timestamp":1679341162713}
{"msg":"Started study run with Jatos worker","batchId":1,"workerId":1,"timestamp":1679341162714}
{"msg":"Finish abandoned study","workerId":1,"timestamp":1679341216191}
{"msg":"Started study run with Jatos worker","batchId":1,"workerId":1,"timestamp":1679341216193}
{"msg":"Finish abandoned study","workerId":1,"timestamp":1679341298114}
{"msg":"Started study run with Jatos worker","batchId":1,"workerId":1,"timestamp":1679341298115}
{"msg":"Finish abandoned study","workerId":1,"timestamp":1679341777264}
{"msg":"Started study run with Jatos worker","batchId":1,"workerId":1,"timestamp":1679341777265}
{"msg":"Finish abandoned study","workerId":1,"timestamp":1679343565884}
{"msg":"Started study run with Jatos worker","batchId":1,"workerId":1,"timestamp":1679343565886}
{"msg":"Finish abandoned study","workerId":1,"timestamp":1679344994086}
{"msg":"Started study run with Jatos worker","batchId":1,"workerId":1,"timestamp":1679344994087}
{"msg":"Finish abandoned study","workerId":1,"timestamp":1679345073571}
{"msg":"Started study run with Jatos worker","batchId":1,"workerId":1,"timestamp":1679345073572}
{"msg":"Removed result data and files","userName":"Admin","timestamp":1679346874856}
{"msg":"Started study run with Jatos worker","batchId":1,"workerId":1,"timestamp":1686669972136}
{"msg":"Started study run with Jatos worker","batchId":1,"workerId":1,"timestamp":1686669990158}
{"msg":"Started study run with Jatos worker","batchId":1,"workerId":1,"timestamp":1686670726369}
{"msg":"Started study run with Jatos worker","batchId":1,"workerId":1,"timestamp":1686670756744}
{"msg":"Stored component result data","componentUuid":"a5daf796-d63b-402b-950e-ffaf78906ebf","workerId":1,"dataHash":"b568eddc8c8f9a6de6fa5e23b3b986d2f56ac961c14abe2e71acb3a9fffb1148","timestamp":1686670758147}
{"msg":"Finished study run","workerId":1,"timestamp":1686670758187}
{"msg":"Started study run with Jatos worker","batchId":1,"workerId":1,"timestamp":1686670787410}
{"msg":"Started study run with Jatos worker","batchId":1,"workerId":1,"timestamp":1686670976050}
{"msg":"Started study run with Jatos worker","batchId":1,"workerId":1,"timestamp":1686671074618}
{"msg":"Started study run with Jatos worker","batchId":1,"workerId":1,"timestamp":1686671118935}
{"msg":"Started study run with Jatos worker","batchId":1,"workerId":1,"timestamp":1686671124011}
{"msg":"Started study run with Jatos worker","batchId":1,"workerId":1,"timestamp":1686671128960}
{"msg":"Started study run with Jatos worker","batchId":1,"workerId":1,"timestamp":1686671151745}
{"msg":"Finish abandoned study","workerId":1,"timestamp":1686671155847}
{"msg":"Started study run with Jatos worker","batchId":1,"workerId":1,"timestamp":1686671155849}
{"msg":"Finish abandoned study","workerId":1,"timestamp":1686671247865}
{"msg":"Started study run with Jatos worker","batchId":1,"workerId":1,"timestamp":1686671247866}
{"msg":"Finish abandoned study","workerId":1,"timestamp":1686671258507}
{"msg":"Started study run with Jatos worker","batchId":1,"workerId":1,"timestamp":1686671258508}
{"msg":"Finish abandoned study","workerId":1,"timestamp":1686671280697}
{"msg":"Started study run with Jatos worker","batchId":1,"workerId":1,"timestamp":1686671280698}
{"msg":"Finish abandoned study","workerId":1,"timestamp":1686671322800}
{"msg":"Started study run with Jatos worker","batchId":1,"workerId":1,"timestamp":1686671322801}
{"msg":"Finish abandoned study","workerId":1,"timestamp":1686671357400}
{"msg":"Started study run with Jatos worker","batchId":1,"workerId":1,"timestamp":1686671357401}
{"msg":"Finish abandoned study","workerId":1,"timestamp":1686671361800}
{"msg":"Started study run with Jatos worker","batchId":1,"workerId":1,"timestamp":1686671361801}
{"msg":"Finish abandoned study","workerId":1,"timestamp":1686671378259}
{"msg":"Started study run with Jatos worker","batchId":1,"workerId":1,"timestamp":1686671378261}
{"msg":"Finish abandoned study","workerId":1,"timestamp":1686671384859}
{"msg":"Started study run with Jatos worker","batchId":1,"workerId":1,"timestamp":1686671384860}
{"msg":"Finish abandoned study","workerId":1,"timestamp":1686671417064}
{"msg":"Started study run with Jatos worker","batchId":1,"workerId":1,"timestamp":1686671417065}
{"msg":"Finish abandoned study","workerId":1,"timestamp":1686671444859}
{"msg":"Started study run with Jatos worker","batchId":1,"workerId":1,"timestamp":1686671444860}
{"msg":"Finish abandoned study","workerId":1,"timestamp":1686671452053}
{"msg":"Started study run with Jatos worker","batchId":1,"workerId":1,"timestamp":1686671452055}
{"msg":"Finish abandoned study","workerId":1,"timestamp":1686671498984}
{"msg":"Started study run with Jatos worker","batchId":1,"workerId":1,"timestamp":1686671498985}
{"msg":"Finish abandoned study","workerId":1,"timestamp":1686671507753}
{"msg":"Started study run with Jatos worker","batchId":1,"workerId":1,"timestamp":1686671507754}
{"msg":"Finish abandoned study","workerId":1,"timestamp":1686671516288}
{"msg":"Started study run with Jatos worker","batchId":1,"workerId":1,"timestamp":1686671516290}
{"msg":"Finish abandoned study","workerId":1,"timestamp":1686671566548}
{"msg":"Started study run with Jatos worker","batchId":1,"workerId":1,"timestamp":1686671566549}
{"msg":"Finish abandoned study","workerId":1,"timestamp":1686671610125}
{"msg":"Started study run with Jatos worker","batchId":1,"workerId":1,"timestamp":1686671610127}
{"msg":"Finish abandoned study","workerId":1,"timestamp":1686671646972}
{"msg":"Started study run with Jatos worker","batchId":1,"workerId":1,"timestamp":1686671646973}
{"msg":"Finish abandoned study","workerId":1,"timestamp":1686671761215}
{"msg":"Started study run with Jatos worker","batchId":1,"workerId":1,"timestamp":1686671761216}
{"msg":"Finish abandoned study","workerId":1,"timestamp":1686671767935}
{"msg":"Started study run with Jatos worker","batchId":1,"workerId":1,"timestamp":1686671767936}
{"msg":"Stored component result data","componentUuid":"2c5ff522-e957-4df1-b7c9-2b9c05823697","workerId":1,"dataHash":"2fb3d4fd30cdc525d32b01a2b465a941673f608c6b3c6ff083c43ed8402f0937","timestamp":1686671774017}
{"msg":"Removed result data and files","userName":"Admin","timestamp":1686671789752}