2023-02-10 10:21:41,845 [INFO] - p.a.d.DefaultDBApi - Database [default] initialized
2023-02-10 10:21:41,856 [INFO] - application - Creating Pool for datasource 'default'
2023-02-10 10:21:41,879 [INFO] - c.z.h.HikariDataSource - HikariPool-1 - Starting...
2023-02-10 10:21:41,899 [INFO] - c.z.h.HikariDataSource - HikariPool-1 - Start completed.
2023-02-10 10:21:41,933 [INFO] - p.a.d.HikariCPConnectionPool - datasource [default] bound to JNDI as DefaultDS
2023-02-10 10:21:42,056 [INFO] - n.s.e.p.s.f.AnnotationSizeOfFilter - Using regular expression provided through VM argument net.sf.ehcache.pool.sizeof.ignore.pattern for IgnoreSizeOf annotation : ^.*cache\..*IgnoreSizeOf$
2023-02-10 10:21:42,060 [INFO] - n.s.e.p.s.AgentLoader - Unavailable or unrecognised attach API : java.lang.ClassNotFoundException: com.sun.tools.attach.VirtualMachine
2023-02-10 10:21:42,226 [INFO] - n.s.e.p.s.JvmInformation - Detected JVM data model settings of: 64-Bit OpenJDK JVM with Compressed OOPs
2023-02-10 10:21:42,226 [INFO] - n.s.e.p.i.DefaultSizeOfEngine - using Unsafe sizeof engine
2023-02-10 10:21:42,555 [INFO] - a.e.s.Slf4jLogger - Slf4jLogger started
2023-02-10 10:21:43,524 [INFO] - o.h.j.i.u.LogHelper - HHH000204: Processing PersistenceUnitInfo [name: mysqlPersistenceUnit]
2023-02-10 10:21:43,577 [INFO] - o.h.Version - HHH000412: Hibernate Core {5.4.2.Final}
2023-02-10 10:21:43,731 [INFO] - o.h.a.c.Version - HCANN000001: Hibernate Commons Annotations {5.1.0.Final}
2023-02-10 10:21:43,892 [INFO] - o.h.d.Dialect - HHH000400: Using dialect: org.hibernate.dialect.MySQL57Dialect
2023-02-10 10:21:44,294 [INFO] - o.h.v.i.u.Version - HV000001: Hibernate Validator 6.0.16.Final
2023-02-10 10:21:45,172 [INFO] - o.h.e.t.j.p.i.JtaPlatformInitiator - HHH000490: Using JtaPlatform implementation: [org.hibernate.engine.transaction.jta.platform.internal.NoJtaPlatform]
2023-02-10 10:21:45,257 [INFO] - g.c.Common - Path to study assets directory is /home/bets95/GitHub Repositories/RECODE-2.0(linux)/jatos_3.6.1(linux)/study_assets_root
2023-02-10 10:21:45,257 [INFO] - g.c.Common - Path to study logs directory is /home/bets95/GitHub Repositories/RECODE-2.0(linux)/jatos_3.6.1(linux)/study_logs
2023-02-10 10:21:45,258 [INFO] - g.c.Common - Path to uploads directory is /home/bets95/GitHub Repositories/RECODE-2.0(linux)/jatos_3.6.1(linux)/result_uploads
2023-02-10 10:21:45,258 [WARN] - g.c.Common - User session validation is switched off. This decreases security.
2023-02-10 10:21:45,612 [INFO] - g.OnStartStop - .checkStudyAssetsRootDir: Created study assets root directory /home/bets95/GitHub Repositories/RECODE-2.0(linux)/jatos_3.6.1(linux)/study_assets_root
2023-02-10 10:21:45,612 [INFO] - g.OnStartStop - JATOS started
2023-02-10 10:21:45,976 [INFO] - s.g.UserService - Created Admin user
2023-02-10 10:21:46,033 [INFO] - p.a.Play - Application started (Prod) (no global state)
2023-02-10 10:21:46,421 [INFO] - p.c.s.AkkaHttpServer - Listening for HTTP on /0:0:0:0:0:0:0:0:9000
2023-02-10 10:21:57,065 [WARN] - p.a.m.DefaultJWTCookieDataCodec - decode: cookie has invalid signature! message = JWT signature does not match locally computed signature. JWT validity cannot be asserted and should not be trusted.
2023-02-10 10:21:57,151 [WARN] - c.g.a.AuthenticationAction - Authentication failed: remote address 127.0.0.1 tried to access page /jatos/1
2023-02-10 10:21:57,260 [INFO] - gui_access - GET /jatos/login (null)
2023-02-10 10:22:02,691 [INFO] - gui_access - POST /jatos/login (null)
2023-02-10 10:22:02,901 [INFO] - gui_access - GET /jatos (admin)
2023-02-10 10:22:03,381 [INFO] - gui_access - GET /jatos/branding (admin)
2023-02-10 10:22:03,592 [INFO] - gui_access - GET /jatos/sidebarStudyList (admin)
2023-02-10 10:29:54,748 [INFO] - gui_access - POST /jatos/import/study (admin)
2023-02-10 10:29:56,722 [INFO] - gui_access - POST /jatos/import/studyConfirmed (admin)
2023-02-10 10:29:57,071 [INFO] - gui_access - GET /jatos/sidebarStudyList (admin)
2023-02-10 10:29:59,608 [INFO] - gui_access - GET /jatos/1 (admin)
2023-02-10 10:29:59,879 [INFO] - gui_access - GET /jatos/sidebarStudyList (admin)
2023-02-10 10:30:00,024 [INFO] - gui_access - GET /jatos/1/componentsTableData?_=1676021399750 (admin)
2023-02-10 10:30:34,412 [INFO] - gui_access - GET /jatos/1/properties (admin)
