
{"msg":"Initial entry","timestamp":1670509939436,"studyUuid":"c0cc207f-9310-44a5-aa70-6f4a7b49d0f9","serversMac":"F0-2F-74-DB-B7-AD","hashFunction":"SHA-256"}
{"msg":"Created study","userName":"Admin","timestamp":1670509939437}
{"msg":"Started study run with Jatos worker","batchId":2,"studyCode":"yoIFiNyix5O","workerId":1,"timestamp":1670510076978}
{"msg":"Started study run with Jatos worker","batchId":2,"studyCode":"yoIFiNyix5O","workerId":1,"timestamp":1670511774915}
{"msg":"Started study run with Jatos worker","batchId":2,"studyCode":"yoIFiNyix5O","workerId":1,"timestamp":1670515582534}
{"msg":"Started study run with Jatos worker","batchId":2,"studyCode":"yoIFiNyix5O","workerId":1,"timestamp":1670515588483}
{"msg":"Started study run with Jatos worker","batchId":2,"studyCode":"yoIFiNyix5O","workerId":1,"timestamp":1670522270921}
{"msg":"Started study run with Jatos worker","batchId":2,"studyCode":"yoIFiNyix5O","workerId":1,"timestamp":1670523559078}
{"msg":"Started study run with Jatos worker","batchId":2,"studyCode":"yoIFiNyix5O","workerId":1,"timestamp":1670578698518}
{"msg":"Started study run with Jatos worker","batchId":2,"studyCode":"yoIFiNyix5O","workerId":1,"timestamp":1670595070136}
{"msg":"Started study run with Jatos worker","batchId":2,"studyCode":"yoIFiNyix5O","workerId":1,"timestamp":1670595245910}
{"msg":"Started study run with Jatos worker","batchId":2,"studyCode":"yoIFiNyix5O","workerId":1,"timestamp":1670595267029}
{"msg":"Removed result data and files","userName":"Admin","timestamp":1670595282719}
{"msg":"Finish abandoned study","workerId":1,"timestamp":1670595291909}
{"msg":"Started study run with Jatos worker","batchId":2,"studyCode":"yoIFiNyix5O","workerId":1,"timestamp":1670595291911}
{"msg":"Stored component result data","componentUuid":"c02882e5-555f-48fe-81ac-55d8bf5ed631","workerId":1,"dataHash":"no data","timestamp":1670595295163}
{"msg":"Finished study run","workerId":1,"timestamp":1670595295209}
{"msg":"Removed result data and files","userName":"Admin","timestamp":1670595307352}
{"msg":"Started study run with Jatos worker","batchId":2,"studyCode":"yoIFiNyix5O","workerId":1,"timestamp":1670597107312}
{"msg":"Started study run with Jatos worker","batchId":2,"studyCode":"yoIFiNyix5O","workerId":1,"timestamp":1670599551700}
{"msg":"Started study run with Jatos worker","batchId":2,"studyCode":"yoIFiNyix5O","workerId":1,"timestamp":1670599599382}
{"msg":"Started study run with Jatos worker","batchId":2,"studyCode":"yoIFiNyix5O","workerId":1,"timestamp":1670600625620}
{"msg":"Started study run with Jatos worker","batchId":2,"studyCode":"yoIFiNyix5O","workerId":1,"timestamp":1671553489191}
{"msg":"Started study run with Jatos worker","batchId":2,"studyCode":"yoIFiNyix5O","workerId":1,"timestamp":1671555807217}
{"msg":"Started study run with Jatos worker","batchId":2,"studyCode":"yoIFiNyix5O","workerId":1,"timestamp":1671556031100}
{"msg":"Started study run with Jatos worker","batchId":2,"studyCode":"yoIFiNyix5O","workerId":1,"timestamp":1671576389235}
{"msg":"Started study run with Jatos worker","batchId":2,"studyCode":"yoIFiNyix5O","workerId":1,"timestamp":1671577142469}
{"msg":"Started study run with Jatos worker","batchId":2,"studyCode":"yoIFiNyix5O","workerId":1,"timestamp":1671577983618}
{"msg":"Started study run with Jatos worker","batchId":2,"studyCode":"yoIFiNyix5O","workerId":1,"timestamp":1671578012524}
{"msg":"Started study run with Jatos worker","batchId":2,"studyCode":"yoIFiNyix5O","workerId":1,"timestamp":1671578018991}
{"msg":"Started study run with Jatos worker","batchId":2,"studyCode":"yoIFiNyix5O","workerId":1,"timestamp":1671578074946}
{"msg":"Started study run with Jatos worker","batchId":2,"studyCode":"yoIFiNyix5O","workerId":1,"timestamp":1672737356753}
{"msg":"Started study run with Jatos worker","batchId":2,"studyCode":"yoIFiNyix5O","workerId":1,"timestamp":1672997220869}
{"msg":"Started study run with Jatos worker","batchId":2,"studyCode":"yoIFiNyix5O","workerId":1,"timestamp":1672998009169}
{"msg":"Started study run with Jatos worker","batchId":2,"studyCode":"yoIFiNyix5O","workerId":1,"timestamp":1672999595921}
{"msg":"Started study run with Jatos worker","batchId":2,"studyCode":"yoIFiNyix5O","workerId":1,"timestamp":1673865502090}
{"msg":"Started study run with Jatos worker","batchId":2,"studyCode":"yoIFiNyix5O","workerId":1,"timestamp":1673946874209}
{"msg":"Removed result data and files","userName":"Admin","timestamp":1673947271307}
{"msg":"Started study run with Jatos worker","batchId":2,"studyCode":"yoIFiNyix5O","workerId":1,"timestamp":1673967757149}
{"msg":"Started study run with Jatos worker","batchId":2,"studyCode":"yoIFiNyix5O","workerId":1,"timestamp":1673967865674}
{"msg":"Started study run with Jatos worker","batchId":2,"studyCode":"yoIFiNyix5O","workerId":1,"timestamp":1673968069599}
{"msg":"Started study run with Jatos worker","batchId":2,"studyCode":"yoIFiNyix5O","workerId":1,"timestamp":1673968890823}
{"msg":"Started study run with Jatos worker","batchId":2,"studyCode":"yoIFiNyix5O","workerId":1,"timestamp":1674033821660}
{"msg":"Started study run with Jatos worker","batchId":2,"studyCode":"yoIFiNyix5O","workerId":1,"timestamp":1674036534010}
{"msg":"Started study run with Jatos worker","batchId":2,"studyCode":"yoIFiNyix5O","workerId":1,"timestamp":1674036754911}
{"msg":"Started study run with Jatos worker","batchId":2,"studyCode":"yoIFiNyix5O","workerId":1,"timestamp":1674038763266}
{"msg":"Started study run with Jatos worker","batchId":2,"studyCode":"yoIFiNyix5O","workerId":1,"timestamp":1674139766760}
{"msg":"Started study run with Jatos worker","batchId":2,"studyCode":"yoIFiNyix5O","workerId":1,"timestamp":1674141858080}
{"msg":"Finish abandoned study","workerId":1,"timestamp":1674142506381}
{"msg":"Started study run with Jatos worker","batchId":2,"studyCode":"yoIFiNyix5O","workerId":1,"timestamp":1674142506392}
{"msg":"Finish abandoned study","workerId":1,"timestamp":1674486905549}
{"msg":"Started study run with Jatos worker","batchId":2,"studyCode":"yoIFiNyix5O","workerId":1,"timestamp":1674486905561}
{"msg":"Finish abandoned study","workerId":1,"timestamp":1674486964728}
{"msg":"Started study run with Jatos worker","batchId":2,"studyCode":"yoIFiNyix5O","workerId":1,"timestamp":1674486964731}
{"msg":"Finish abandoned study","workerId":1,"timestamp":1674486994505}
{"msg":"Started study run with Jatos worker","batchId":2,"studyCode":"yoIFiNyix5O","workerId":1,"timestamp":1674486994508}
{"msg":"Removed result data and files","userName":"Admin","timestamp":1674487855028}
{"msg":"Finish abandoned study","workerId":1,"timestamp":1674487858147}
{"msg":"Started study run with Jatos worker","batchId":2,"studyCode":"yoIFiNyix5O","workerId":1,"timestamp":1674487858149}
{"msg":"Finish abandoned study","workerId":1,"timestamp":1674548434825}
{"msg":"Started study run with Jatos worker","batchId":2,"studyCode":"yoIFiNyix5O","workerId":1,"timestamp":1674548434844}
{"msg":"Finish abandoned study","workerId":1,"timestamp":1674548481254}
{"msg":"Started study run with Jatos worker","batchId":2,"studyCode":"yoIFiNyix5O","workerId":1,"timestamp":1674548481259}
{"msg":"Finish abandoned study","workerId":1,"timestamp":1674549081718}
{"msg":"Started study run with Jatos worker","batchId":2,"studyCode":"yoIFiNyix5O","workerId":1,"timestamp":1674549081720}
{"msg":"Finish abandoned study","workerId":1,"timestamp":1674549156237}
{"msg":"Started study run with Jatos worker","batchId":2,"studyCode":"yoIFiNyix5O","workerId":1,"timestamp":1674549156240}
{"msg":"Finish abandoned study","workerId":1,"timestamp":1674549199552}
{"msg":"Started study run with Jatos worker","batchId":2,"studyCode":"yoIFiNyix5O","workerId":1,"timestamp":1674549199554}
{"msg":"Finish abandoned study","workerId":1,"timestamp":1674549203575}
{"msg":"Started study run with Jatos worker","batchId":2,"studyCode":"yoIFiNyix5O","workerId":1,"timestamp":1674549203577}
{"msg":"Finish abandoned study","workerId":1,"timestamp":1674549208269}
{"msg":"Started study run with Jatos worker","batchId":2,"studyCode":"yoIFiNyix5O","workerId":1,"timestamp":1674549208271}
{"msg":"Finish abandoned study","workerId":1,"timestamp":1674549213135}
{"msg":"Started study run with Jatos worker","batchId":2,"studyCode":"yoIFiNyix5O","workerId":1,"timestamp":1674549213137}
{"msg":"Finish abandoned study","workerId":1,"timestamp":1674549229284}
{"msg":"Started study run with Jatos worker","batchId":2,"studyCode":"yoIFiNyix5O","workerId":1,"timestamp":1674549229286}
{"msg":"Finish abandoned study","workerId":1,"timestamp":1674549235318}
{"msg":"Started study run with Jatos worker","batchId":2,"studyCode":"yoIFiNyix5O","workerId":1,"timestamp":1674549235319}
{"msg":"Finish abandoned study","workerId":1,"timestamp":1674550284736}
{"msg":"Started study run with Jatos worker","batchId":2,"studyCode":"yoIFiNyix5O","workerId":1,"timestamp":1674550284738}
{"msg":"Finish abandoned study","workerId":1,"timestamp":1674550531557}
{"msg":"Started study run with Jatos worker","batchId":2,"studyCode":"yoIFiNyix5O","workerId":1,"timestamp":1674550531558}
{"msg":"Finish abandoned study","workerId":1,"timestamp":1674550547661}
{"msg":"Started study run with Jatos worker","batchId":2,"studyCode":"yoIFiNyix5O","workerId":1,"timestamp":1674550547663}
{"msg":"Finish abandoned study","workerId":1,"timestamp":1674550861235}
{"msg":"Started study run with Jatos worker","batchId":2,"studyCode":"yoIFiNyix5O","workerId":1,"timestamp":1674550861237}
{"msg":"Finish abandoned study","workerId":1,"timestamp":1674550898564}
{"msg":"Started study run with Jatos worker","batchId":2,"studyCode":"yoIFiNyix5O","workerId":1,"timestamp":1674550898566}
{"msg":"Finish abandoned study","workerId":1,"timestamp":1674556487366}
{"msg":"Started study run with Jatos worker","batchId":2,"studyCode":"yoIFiNyix5O","workerId":1,"timestamp":1674556487368}
{"msg":"Finish abandoned study","workerId":1,"timestamp":1674556576397}
{"msg":"Started study run with Jatos worker","batchId":2,"studyCode":"yoIFiNyix5O","workerId":1,"timestamp":1674556576399}
{"msg":"Finish abandoned study","workerId":1,"timestamp":1674557568229}
{"msg":"Started study run with Jatos worker","batchId":2,"studyCode":"yoIFiNyix5O","workerId":1,"timestamp":1674557568231}
{"msg":"Finish abandoned study","workerId":1,"timestamp":1675078523510}